C:\USERS\STUDENT\DESKTOP\RA22-2015\AADSP2\PROCESSWAVFILE\DEBUG\PROCESSWAVFILE.EXE
C:\USERS\STUDENT\DESKTOP\RA22-2015\AADSP2\PROCESSWAVFILE\DEBUG\PROCESSWAVFILE.ILK
C:\USERS\STUDENT\DESKTOP\RA22-2015\AADSP2\PROCESSWAVFILE\DEBUG\PROCESSWAVFILE.PDB
C:\Users\student\Desktop\ra22-2015\AADSP2\ProcessWavFile\ProcessWavFile\Debug\cl.command.1.tlog
C:\Users\student\Desktop\ra22-2015\AADSP2\ProcessWavFile\ProcessWavFile\Debug\CL.read.1.tlog
C:\Users\student\Desktop\ra22-2015\AADSP2\ProcessWavFile\ProcessWavFile\Debug\CL.write.1.tlog
C:\USERS\STUDENT\DESKTOP\RA22-2015\AADSP2\PROCESSWAVFILE\PROCESSWAVFILE\DEBUG\IIR.OBJ
C:\Users\student\Desktop\ra22-2015\AADSP2\ProcessWavFile\ProcessWavFile\Debug\link.5376.read.1.tlog
C:\Users\student\Desktop\ra22-2015\AADSP2\ProcessWavFile\ProcessWavFile\Debug\link.5376.write.1.tlog
C:\Users\student\Desktop\ra22-2015\AADSP2\ProcessWavFile\ProcessWavFile\Debug\link.5376-cvtres.read.1.tlog
C:\Users\student\Desktop\ra22-2015\AADSP2\ProcessWavFile\ProcessWavFile\Debug\link.5376-cvtres.write.1.tlog
C:\Users\student\Desktop\ra22-2015\AADSP2\ProcessWavFile\ProcessWavFile\Debug\link.6176.read.1.tlog
C:\Users\student\Desktop\ra22-2015\AADSP2\ProcessWavFile\ProcessWavFile\Debug\link.6176.write.1.tlog
C:\Users\student\Desktop\ra22-2015\AADSP2\ProcessWavFile\ProcessWavFile\Debug\link.6176-cvtres.read.1.tlog
C:\Users\student\Desktop\ra22-2015\AADSP2\ProcessWavFile\ProcessWavFile\Debug\link.6176-cvtres.write.1.tlog
C:\Users\student\Desktop\ra22-2015\AADSP2\ProcessWavFile\ProcessWavFile\Debug\link.6208.read.1.tlog
C:\Users\student\Desktop\ra22-2015\AADSP2\ProcessWavFile\ProcessWavFile\Debug\link.6208.write.1.tlog
C:\Users\student\Desktop\ra22-2015\AADSP2\ProcessWavFile\ProcessWavFile\Debug\link.6208-cvtres.read.1.tlog
C:\Users\student\Desktop\ra22-2015\AADSP2\ProcessWavFile\ProcessWavFile\Debug\link.6208-cvtres.write.1.tlog
C:\Users\student\Desktop\ra22-2015\AADSP2\ProcessWavFile\ProcessWavFile\Debug\link.command.1.tlog
C:\Users\student\Desktop\ra22-2015\AADSP2\ProcessWavFile\ProcessWavFile\Debug\link.read.1.tlog
C:\Users\student\Desktop\ra22-2015\AADSP2\ProcessWavFile\ProcessWavFile\Debug\link.write.1.tlog
C:\Users\student\Desktop\ra22-2015\AADSP2\ProcessWavFile\ProcessWavFile\Debug\link-cvtres.read.1.tlog
C:\Users\student\Desktop\ra22-2015\AADSP2\ProcessWavFile\ProcessWavFile\Debug\link-cvtres.write.1.tlog
C:\USERS\STUDENT\DESKTOP\RA22-2015\AADSP2\PROCESSWAVFILE\PROCESSWAVFILE\DEBUG\MAIN.OBJ
C:\Users\student\Desktop\ra22-2015\AADSP2\ProcessWavFile\ProcessWavFile\Debug\mt.command.1.tlog
C:\Users\student\Desktop\ra22-2015\AADSP2\ProcessWavFile\ProcessWavFile\Debug\mt.read.1.tlog
C:\Users\student\Desktop\ra22-2015\AADSP2\ProcessWavFile\ProcessWavFile\Debug\mt.write.1.tlog
C:\USERS\STUDENT\DESKTOP\RA22-2015\AADSP2\PROCESSWAVFILE\PROCESSWAVFILE\DEBUG\PROCESSWAVFILE.EXE.EMBED.MANIFEST
C:\USERS\STUDENT\DESKTOP\RA22-2015\AADSP2\PROCESSWAVFILE\PROCESSWAVFILE\DEBUG\PROCESSWAVFILE.EXE.EMBED.MANIFEST.RES
C:\USERS\STUDENT\DESKTOP\RA22-2015\AADSP2\PROCESSWAVFILE\PROCESSWAVFILE\DEBUG\PROCESSWAVFILE.EXE.INTERMEDIATE.MANIFEST
C:\Users\student\Desktop\ra22-2015\AADSP2\ProcessWavFile\ProcessWavFile\Debug\ProcessWavFile.vcxprojResolveAssemblyReference.cache
C:\Users\student\Desktop\ra22-2015\AADSP2\ProcessWavFile\ProcessWavFile\Debug\ProcessWavFile.write.1.tlog
C:\Users\student\Desktop\ra22-2015\AADSP2\ProcessWavFile\ProcessWavFile\Debug\ProcessWavFile_manifest.rc
C:\Users\student\Desktop\ra22-2015\AADSP2\ProcessWavFile\ProcessWavFile\Debug\rc.command.1.tlog
C:\Users\student\Desktop\ra22-2015\AADSP2\ProcessWavFile\ProcessWavFile\Debug\rc.read.1.tlog
C:\Users\student\Desktop\ra22-2015\AADSP2\ProcessWavFile\ProcessWavFile\Debug\rc.write.1.tlog
C:\Users\student\Desktop\ra22-2015\AADSP2\ProcessWavFile\ProcessWavFile\Debug\vc100.idb
C:\USERS\STUDENT\DESKTOP\RA22-2015\AADSP2\PROCESSWAVFILE\PROCESSWAVFILE\DEBUG\VC100.PDB
C:\USERS\STUDENT\DESKTOP\RA22-2015\AADSP2\PROCESSWAVFILE\PROCESSWAVFILE\DEBUG\WAVHEADER.OBJ
